SF:lib\presentation\cubit\categorized_wallpaper\categorized_wallpaper_cubit.dart
DA:13,0
DA:14,0
DA:16,0
DA:17,0
DA:18,0
DA:19,0
DA:20,0
DA:21,0
LF:8
LH:0
end_of_record
SF:lib\presentation\cubit\detail_wallpaper\detail_wallpaper_cubit.dart
DA:13,0
DA:14,0
DA:16,0
DA:18,0
DA:19,0
DA:20,0
DA:21,0
DA:22,0
DA:24,0
LF:9
LH:0
end_of_record
SF:lib\presentation\cubit\list_wallpaper\list_wallpaper_cubit.dart
DA:13,0
DA:14,0
DA:15,0
DA:18,0
DA:19,0
DA:20,0
DA:21,0
DA:22,0
DA:23,0
LF:9
LH:0
end_of_record
SF:lib\presentation\cubit\search_wallpaper\search_wallpaper_cubit.dart
DA:13,0
DA:14,0
DA:16,0
DA:17,0
DA:18,0
DA:19,0
DA:20,0
DA:21,0
DA:25,0
DA:26,0
DA:27,0
DA:28,0
DA:29,0
DA:30,0
DA:31,0
DA:33,0
DA:34,0
DA:35,0
DA:36,0
DA:41,0
DA:42,0
LF:21
LH:0
end_of_record
SF:lib\data\model\wallpaper\wallpaper.dart
DA:24,2
DA:25,2
LF:2
LH:2
end_of_record
SF:lib\data\model\wallpaper\wallpaper.g.dart
DA:9,4
DA:10,2
DA:11,2
DA:12,2
DA:13,2
DA:14,2
DA:15,2
DA:16,2
DA:17,2
DA:18,4
DA:19,2
DA:20,2
DA:23,0
DA:24,0
DA:25,0
DA:26,0
DA:27,0
DA:28,0
DA:29,0
DA:30,0
DA:31,0
DA:32,0
DA:33,0
DA:34,0
DA:35,0
LF:25
LH:12
end_of_record
SF:lib\domain\usecase\get_list_wallpaper.dart
DA:10,1
DA:12,1
DA:13,2
LF:3
LH:3
end_of_record
SF:lib\domain\usecase\get_categorized_wallpaper.dart
DA:10,1
DA:12,1
DA:13,2
LF:3
LH:3
end_of_record
SF:lib\data\datasource\api_service.dart
DA:22,1
DA:24,1
DA:26,2
DA:28,1
DA:29,1
DA:34,2
DA:35,2
DA:37,1
DA:38,1
DA:39,1
DA:40,1
DA:42,0
DA:46,1
DA:48,2
DA:49,1
DA:50,1
DA:51,1
DA:56,2
DA:57,1
DA:58,1
DA:60,0
DA:64,1
DA:66,2
DA:67,1
DA:68,1
DA:69,1
DA:74,2
DA:75,2
DA:76,2
DA:78,0
DA:82,1
DA:85,2
DA:86,1
DA:87,1
DA:88,1
DA:93,2
DA:94,2
DA:95,2
DA:97,0
DA:100,1
LF:40
LH:36
end_of_record
SF:lib\domain\usecase\get_detail_wallpaper.dart
DA:10,1
DA:12,1
DA:13,2
LF:3
LH:3
end_of_record
SF:lib\domain\usecase\get_search_wallpaper.dart
DA:10,1
DA:12,1
DA:13,2
DA:16,1
DA:18,2
LF:5
LH:5
end_of_record
SF:lib\core\failures\failures.dart
DA:6,9
DA:8,0
DA:9,0
DA:13,9
DA:17,9
DA:21,0
LF:6
LH:3
end_of_record
SF:lib\core\utils\debouncer.dart
DA:5,0
DA:7,0
DA:8,0
LF:3
LH:0
end_of_record
SF:lib\core\utils\routes.dart
DA:5,0
DA:7,0
DA:8,0
DA:11,0
DA:13,0
DA:16,0
DA:17,0
DA:18,0
DA:21,0
DA:24,0
LF:10
LH:0
end_of_record
SF:lib\data\categories_data.dart
DA:1,0
DA:2,0
DA:7,0
DA:12,0
DA:17,0
DA:22,0
DA:27,0
DA:32,0
DA:37,0
DA:42,0
DA:47,0
LF:11
LH:0
end_of_record
SF:lib\data\model\image_source\image_source.dart
DA:19,3
DA:20,3
LF:2
LH:2
end_of_record
SF:lib\data\model\image_source\image_source.g.dart
DA:9,3
DA:10,3
DA:11,3
DA:12,3
DA:13,3
DA:14,3
DA:15,3
DA:16,3
DA:17,3
DA:18,3
DA:21,1
DA:22,1
DA:23,1
DA:24,1
DA:25,1
DA:26,1
DA:27,1
DA:28,1
DA:29,1
DA:30,1
LF:20
LH:20
end_of_record
SF:lib\data\repository\wallpaper_repository_impl.dart
DA:12,1
DA:14,1
DA:18,2
DA:19,3
DA:20,1
DA:22,1
DA:27,1
DA:30,2
DA:31,3
DA:32,1
DA:34,1
DA:39,1
DA:42,2
DA:43,3
DA:44,1
DA:46,1
DA:51,1
DA:54,2
DA:55,3
DA:56,1
DA:58,1
DA:63,1
DA:67,2
DA:68,3
DA:69,1
DA:71,1
LF:26
LH:26
end_of_record
SF:lib\presentation\pages\detail\detail_wallpaper.component.dart
DA:4,0
DA:8,0
DA:10,0
DA:11,0
DA:20,0
DA:25,0
DA:31,0
DA:33,0
DA:34,0
DA:35,0
DA:37,0
DA:38,0
DA:39,0
DA:41,0
DA:43,0
DA:44,0
DA:45,0
DA:46,0
DA:53,0
DA:54,0
DA:55,0
DA:61,0
DA:63,0
DA:64,0
DA:65,0
DA:66,0
DA:67,0
DA:70,0
DA:71,0
DA:73,0
LF:30
LH:0
end_of_record
SF:lib\presentation\pages\detail\detail_wallpaper.dart
DA:16,0
DA:18,0
DA:19,0
DA:29,0
DA:31,0
DA:32,0
DA:33,0
DA:36,0
DA:41,0
DA:42,0
DA:46,0
DA:48,0
DA:49,0
DA:53,0
DA:54,0
DA:55,0
DA:60,0
DA:63,0
DA:64,0
DA:65,0
DA:69,0
DA:73,0
DA:75,0
DA:76,0
DA:80,0
DA:81,0
DA:82,0
DA:87,0
DA:90,0
DA:91,0
DA:92,0
DA:96,0
DA:100,0
DA:102,0
DA:103,0
DA:107,0
DA:108,0
DA:109,0
DA:114,0
DA:117,0
DA:118,0
DA:119,0
DA:123,0
DA:126,0
DA:128,0
DA:129,0
DA:133,0
DA:135,0
DA:136,0
DA:137,0
DA:138,0
DA:139,0
DA:140,0
DA:143,0
DA:146,0
DA:147,0
DA:148,0
DA:149,0
DA:150,0
DA:157,0
DA:161,0
DA:162,0
DA:163,0
DA:164,0
DA:169,0
DA:170,0
DA:178,0
DA:179,0
DA:181,0
DA:182,0
DA:183,0
DA:184,0
DA:185,0
DA:190,0
DA:192,0
DA:193,0
DA:194,0
DA:196,0
DA:198,0
DA:204,0
DA:205,0
DA:206,0
DA:210,0
DA:211,0
DA:212,0
DA:214,0
DA:216,0
DA:222,0
DA:223,0
DA:224,0
DA:227,0
DA:228,0
DA:229,0
DA:231,0
DA:233,0
DA:239,0
DA:240,0
DA:241,0
LF:98
LH:0
end_of_record
SF:lib\presentation\pages\home\homepage.component.dart
DA:4,8
DA:6,0
DA:8,0
DA:9,0
DA:10,0
DA:11,0
DA:21,0
DA:22,0
DA:24,0
DA:25,0
DA:32,0
DA:34,0
DA:35,0
DA:36,0
DA:38,0
DA:39,0
DA:41,0
DA:46,0
DA:47,0
DA:48,0
DA:49,0
DA:50,0
DA:51,0
DA:53,0
DA:54,0
DA:55,0
DA:56,0
DA:57,0
DA:58,0
DA:64,0
DA:65,0
DA:66,0
DA:67,0
DA:73,0
DA:74,0
DA:79,0
DA:80,0
DA:93,0
DA:97,0
DA:99,0
DA:100,0
DA:101,0
DA:102,0
DA:103,0
DA:105,0
DA:106,0
DA:107,0
DA:110,0
DA:111,0
DA:112,0
DA:113,0
DA:119,0
DA:120,0
DA:121,0
DA:122,0
DA:125,0
DA:126,0
DA:127,0
DA:140,0
DA:144,0
DA:146,0
DA:156,0
DA:157,0
DA:158,0
DA:159,0
DA:160,0
DA:161,0
DA:163,0
DA:164,0
DA:165,0
DA:166,0
DA:178,0
DA:180,0
DA:182,0
DA:192,0
DA:193,0
DA:194,0
DA:195,0
DA:196,0
DA:197,0
DA:199,0
DA:200,0
DA:201,0
DA:202,0
LF:84
LH:1
end_of_record
SF:lib\presentation\pages\home\homepage.dart
DA:14,8
DA:16,0
DA:17,0
DA:25,0
DA:26,0
DA:27,0
DA:28,0
DA:29,0
DA:33,0
DA:34,0
DA:37,0
DA:39,0
DA:40,0
DA:41,0
DA:42,0
DA:44,0
DA:47,0
DA:49,0
DA:51,0
DA:52,0
DA:53,0
DA:54,0
DA:55,0
DA:56,0
DA:57,0
DA:59,0
DA:61,0
DA:62,0
DA:64,0
DA:65,0
DA:66,0
DA:69,0
DA:72,0
DA:73,0
DA:75,0
DA:76,0
DA:77,0
DA:78,0
DA:81,0
DA:82,0
DA:83,0
DA:85,0
DA:86,0
DA:87,0
DA:88,0
DA:89,0
DA:90,0
DA:91,0
DA:92,0
DA:97,0
DA:98,0
DA:99,0
DA:100,0
DA:101,0
DA:102,0
DA:105,0
DA:106,0
LF:57
LH:1
end_of_record
SF:lib\presentation\pages\search\search_page.dart
DA:15,8
DA:17,0
DA:18,0
DA:28,0
DA:30,0
DA:31,0
DA:32,0
DA:34,0
DA:37,0
DA:38,0
DA:39,0
DA:40,0
DA:44,0
DA:45,0
DA:46,0
DA:47,0
DA:50,0
DA:54,0
DA:55,0
DA:56,0
DA:57,0
DA:61,0
DA:63,0
DA:64,0
DA:65,0
DA:66,0
DA:69,0
DA:71,0
DA:72,0
DA:73,0
DA:74,0
DA:76,0
DA:78,0
DA:79,0
DA:80,0
DA:81,0
DA:82,0
DA:86,0
DA:87,0
DA:88,0
DA:89,0
DA:90,0
DA:91,0
DA:93,0
DA:96,0
DA:97,0
DA:98,0
DA:104,0
DA:105,0
DA:106,0
DA:107,0
DA:108,0
DA:109,0
DA:113,0
DA:114,0
DA:115,0
DA:116,0
DA:117,0
DA:120,0
DA:121,0
DA:124,0
DA:125,0
LF:62
LH:1
end_of_record
SF:lib\presentation\pages\search\search_page.component.dart
DA:4,0
DA:14,0
DA:16,0
DA:17,0
DA:18,0
DA:19,0
DA:20,0
DA:21,0
DA:26,0
DA:27,0
DA:31,0
DA:72,0
DA:80,0
DA:82,0
DA:91,0
DA:92,0
DA:93,0
DA:94,0
DA:95,0
DA:96,0
DA:97,0
DA:99,0
DA:100,0
DA:101,0
DA:102,0
DA:108,0
DA:109,0
DA:110,0
DA:111,0
DA:112,0
DA:113,0
DA:114,0
LF:32
LH:0
end_of_record
SF:lib\presentation\widgets\back_button.dart
DA:6,8
DA:10,0
DA:12,0
DA:13,0
DA:14,0
DA:15,0
DA:16,0
DA:23,0
DA:25,0
LF:9
LH:1
end_of_record
SF:lib\presentation\widgets\default_search_box.dart
DA:5,0
DA:16,0
DA:18,0
DA:19,0
DA:21,0
DA:22,0
DA:23,0
DA:24,0
DA:25,0
DA:26,0
DA:32,0
DA:33,0
DA:34,0
DA:35,0
DA:36,0
DA:37,0
DA:38,0
DA:46,0
DA:47,0
LF:19
LH:0
end_of_record
SF:lib\presentation\widgets\default_shimmer.dart
DA:5,8
DA:7,0
DA:9,0
DA:20,0
DA:21,0
DA:22,0
DA:23,0
DA:26,0
DA:37,8
DA:39,0
DA:41,0
DA:50,0
DA:51,0
DA:52,0
DA:53,0
DA:56,0
LF:16
LH:2
end_of_record
SF:lib\presentation\widgets\set_as_button.dart
DA:4,0
DA:13,0
DA:15,0
DA:17,0
DA:18,0
DA:19,0
DA:20,0
DA:21,0
DA:22,0
DA:25,0
LF:10
LH:0
end_of_record
